{
  "stats": {
    "suites": 1,
    "tests": 1,
    "passes": 1,
    "pending": 0,
    "failures": 0,
    "testsRegistered": 1,
    "passPercent": 100,
    "pendingPercent": 0,
    "other": 0,
    "hasOther": false,
    "skipped": 0,
    "hasSkipped": false,
    "start": "2025-08-25T23:41:22.417Z",
    "end": "2025-08-25T23:41:35.739Z",
    "duration": 13322
  },
  "results": [
    {
      "uuid": "97a44b1d-d20d-4db4-89a6-9f33d713a2ab",
      "title": "",
      "fullFile": "cypress\\e2e\\spec.cy.js",
      "file": "cypress\\e2e\\spec.cy.js",
      "beforeHooks": [],
      "afterHooks": [],
      "tests": [],
      "suites": [
        {
          "uuid": "ddbba07b-5a97-4a0f-a085-d24629d6cc3f",
          "title": "Teste de Login",
          "fullFile": "",
          "file": "",
          "beforeHooks": [],
          "afterHooks": [],
          "tests": [
            {
              "title": "Login com sucesso",
              "fullTitle": "Teste de Login Login com sucesso",
              "timedOut": null,
              "duration": 7751,
              "state": "passed",
              "speed": "medium",
              "pass": true,
              "fail": false,
              "pending": false,
              "context": null,
              "code": "cy.visit('https://ifvest.jcr.ifsp.edu.br/login');\ncy.get('[name=\"usuario\"]').type('rsm123');\ncy.get('[name=\"senha\"]').type('Rsmteste0123*');\n// cy.get('button[type=\"submit\"]').click()\ncy.get('.btn-login').click();",
              "err": {},
              "uuid": "9e7d626c-46ca-4fe0-9a39-451221916603",
              "parentUUID": "ddbba07b-5a97-4a0f-a085-d24629d6cc3f",
              "isHook": false,
              "skipped": false
            }
          ],
          "suites": [],
          "passes": [
            "9e7d626c-46ca-4fe0-9a39-451221916603"
          ],
          "failures": [],
          "pending": [],
          "skipped": [],
          "duration": 7751,
          "root": false,
          "rootEmpty": false,
          "_timeout": 2000
        }
      ],
      "passes": [],
      "failures": [],
      "pending": [],
      "skipped": [],
      "duration": 0,
      "root": true,
      "rootEmpty": true,
      "_timeout": 2000
    }
  ],
  "meta": {
    "mocha": {
      "version": "7.2.0"
    },
    "mochawesome": {
      "options": {
        "quiet": false,
        "reportFilename": "mochawesome",
        "saveHtml": false,
        "saveJson": true,
        "consoleReporter": "spec",
        "useInlineDiffs": false,
        "code": true
      },
      "version": "7.1.3"
    },
    "marge": {
      "options": {
        "reportDir": "cypress/reports",
        "overwrite": false,
        "html": false,
        "json": true
      },
      "version": "6.2.0"
    }
  }
}